2025-12-16 16:55:16 +00:00: 
2025-12-16 16:55:16 +00:00: > email-testing-tool-frontend@0.1.0 start
2025-12-16 16:55:16 +00:00: > next start
2025-12-16 16:55:16 +00:00: 
2025-12-16 16:55:16 +00:00:    ▲ Next.js 14.0.4
2025-12-16 16:55:16 +00:00:    - Local:        http://localhost:3001
2025-12-16 16:55:16 +00:00: 
2025-12-16 16:55:17 +00:00:  ✓ Ready in 423ms
2025-12-16 19:23:31 +00:00: 
2025-12-16 19:23:31 +00:00: > email-testing-tool-frontend@0.1.0 start
2025-12-16 19:23:31 +00:00: > next start
2025-12-16 19:23:31 +00:00: 
2025-12-16 19:23:32 +00:00:    ▲ Next.js 14.0.4
2025-12-16 19:23:32 +00:00:    - Local:        http://localhost:3001
2025-12-16 19:23:32 +00:00: 
2025-12-16 19:23:32 +00:00:  ✓ Ready in 380ms
2025-12-16 19:41:28 +00:00: 
2025-12-16 19:41:28 +00:00: > email-testing-tool-frontend@0.1.0 start
2025-12-16 19:41:28 +00:00: > next start
2025-12-16 19:41:28 +00:00: 
2025-12-16 19:41:29 +00:00:    ▲ Next.js 14.0.4
2025-12-16 19:41:29 +00:00:    - Local:        http://localhost:3001
2025-12-16 19:41:29 +00:00: 
2025-12-16 19:41:29 +00:00:  ✓ Ready in 409ms
2025-12-16 19:46:26 +00:00: 
2025-12-16 19:46:26 +00:00: > email-testing-tool-frontend@0.1.0 start
2025-12-16 19:46:26 +00:00: > next start
2025-12-16 19:46:26 +00:00: 
2025-12-16 19:46:26 +00:00:    ▲ Next.js 14.0.4
2025-12-16 19:46:26 +00:00:    - Local:        http://localhost:3001
2025-12-16 19:46:26 +00:00: 
2025-12-16 19:46:26 +00:00:  ✓ Ready in 394ms
